{"C:\\Users\\Siarhei\\Desktop\\rs-school\\src\\App.tsx": {"path":"C:\\Users\\Siarhei\\Desktop\\rs-school\\src\\App.tsx","all":true,"statementMap":{"0":{"start":{"line":1,"column":0},"end":{"line":1,"column":49}},"2":{"start":{"line":3,"column":0},"end":{"line":3,"column":45}},"3":{"start":{"line":4,"column":0},"end":{"line":4,"column":38}},"4":{"start":{"line":5,"column":0},"end":{"line":5,"column":61}},"5":{"start":{"line":6,"column":0},"end":{"line":6,"column":39}},"7":{"start":{"line":8,"column":0},"end":{"line":8,"column":19}},"8":{"start":{"line":9,"column":0},"end":{"line":9,"column":10}},"9":{"start":{"line":10,"column":0},"end":{"line":10,"column":16}},"10":{"start":{"line":11,"column":0},"end":{"line":11,"column":16}},"11":{"start":{"line":12,"column":0},"end":{"line":12,"column":14}},"12":{"start":{"line":13,"column":0},"end":{"line":13,"column":60}},"13":{"start":{"line":14,"column":0},"end":{"line":14,"column":79}},"14":{"start":{"line":15,"column":0},"end":{"line":15,"column":16}},"15":{"start":{"line":16,"column":0},"end":{"line":16,"column":48}},"16":{"start":{"line":17,"column":0},"end":{"line":17,"column":15}},"17":{"start":{"line":18,"column":0},"end":{"line":18,"column":17}},"19":{"start":{"line":20,"column":0},"end":{"line":20,"column":2}},"21":{"start":{"line":22,"column":0},"end":{"line":22,"column":19}}},"s":{"0":0,"2":0,"3":0,"4":0,"5":0,"7":0,"8":0,"9":0,"10":0,"11":0,"12":0,"13":0,"14":0,"15":0,"16":0,"17":0,"19":0,"21":0},"branchMap":{"0":{"type":"branch","line":1,"loc":{"start":{"line":1,"column":293},"end":{"line":22,"column":-372}},"locations":[{"start":{"line":1,"column":293},"end":{"line":22,"column":-372}}]}},"b":{"0":[0]},"fnMap":{"0":{"name":"(empty-report)","decl":{"start":{"line":1,"column":293},"end":{"line":22,"column":-372}},"loc":{"start":{"line":1,"column":293},"end":{"line":22,"column":-372}},"line":1}},"f":{"0":0}}
,"C:\\Users\\Siarhei\\Desktop\\rs-school\\src\\main.tsx": {"path":"C:\\Users\\Siarhei\\Desktop\\rs-school\\src\\main.tsx","all":true,"statementMap":{"0":{"start":{"line":1,"column":0},"end":{"line":1,"column":30}},"1":{"start":{"line":2,"column":0},"end":{"line":2,"column":23}},"2":{"start":{"line":3,"column":0},"end":{"line":3,"column":27}},"3":{"start":{"line":4,"column":0},"end":{"line":4,"column":37}},"4":{"start":{"line":5,"column":0},"end":{"line":5,"column":37}},"5":{"start":{"line":6,"column":0},"end":{"line":6,"column":37}},"6":{"start":{"line":7,"column":0},"end":{"line":7,"column":37}},"8":{"start":{"line":9,"column":0},"end":{"line":9,"column":26}},"9":{"start":{"line":10,"column":0},"end":{"line":10,"column":40}},"10":{"start":{"line":11,"column":0},"end":{"line":11,"column":49}},"12":{"start":{"line":13,"column":0},"end":{"line":13,"column":24}},"13":{"start":{"line":14,"column":0},"end":{"line":14,"column":52}},"15":{"start":{"line":16,"column":0},"end":{"line":16,"column":75}},"16":{"start":{"line":17,"column":0},"end":{"line":17,"column":20}},"17":{"start":{"line":18,"column":0},"end":{"line":18,"column":19}},"18":{"start":{"line":19,"column":0},"end":{"line":19,"column":21}},"19":{"start":{"line":20,"column":0},"end":{"line":20,"column":15}},"20":{"start":{"line":21,"column":0},"end":{"line":21,"column":22}},"21":{"start":{"line":22,"column":0},"end":{"line":22,"column":20}},"22":{"start":{"line":23,"column":0},"end":{"line":23,"column":21}},"23":{"start":{"line":24,"column":0},"end":{"line":24,"column":2}}},"s":{"0":0,"1":0,"2":0,"3":0,"4":0,"5":0,"6":0,"8":0,"9":0,"10":0,"12":0,"13":0,"15":0,"16":0,"17":0,"18":0,"19":0,"20":0,"21":0,"22":0,"23":0},"branchMap":{"0":{"type":"branch","line":1,"loc":{"start":{"line":1,"column":581},"end":{"line":24,"column":-459}},"locations":[{"start":{"line":1,"column":581},"end":{"line":24,"column":-459}}]}},"b":{"0":[0]},"fnMap":{"0":{"name":"(empty-report)","decl":{"start":{"line":1,"column":581},"end":{"line":24,"column":-459}},"loc":{"start":{"line":1,"column":581},"end":{"line":24,"column":-459}},"line":1}},"f":{"0":0}}
,"C:\\Users\\Siarhei\\Desktop\\rs-school\\src\\components\\shared\\CoinItem\\index.tsx": {"path":"C:\\Users\\Siarhei\\Desktop\\rs-school\\src\\components\\shared\\CoinItem\\index.tsx","all":false,"statementMap":{"0":{"start":{"line":1,"column":0},"end":{"line":1,"column":28}},"1":{"start":{"line":2,"column":0},"end":{"line":2,"column":60}},"3":{"start":{"line":4,"column":0},"end":{"line":4,"column":53}},"5":{"start":{"line":6,"column":0},"end":{"line":6,"column":54}},"7":{"start":{"line":8,"column":0},"end":{"line":8,"column":46}},"14":{"start":{"line":15,"column":0},"end":{"line":15,"column":72}},"15":{"start":{"line":16,"column":0},"end":{"line":16,"column":33}},"16":{"start":{"line":17,"column":0},"end":{"line":17,"column":33}},"18":{"start":{"line":19,"column":0},"end":{"line":19,"column":29}},"19":{"start":{"line":20,"column":0},"end":{"line":20,"column":62}},"20":{"start":{"line":21,"column":0},"end":{"line":21,"column":49}},"22":{"start":{"line":23,"column":0},"end":{"line":23,"column":83}},"23":{"start":{"line":24,"column":0},"end":{"line":24,"column":22}},"24":{"start":{"line":25,"column":0},"end":{"line":25,"column":52}},"25":{"start":{"line":26,"column":0},"end":{"line":26,"column":5}},"27":{"start":{"line":28,"column":0},"end":{"line":28,"column":18}},"28":{"start":{"line":29,"column":0},"end":{"line":29,"column":4}},"30":{"start":{"line":31,"column":0},"end":{"line":31,"column":10}},"31":{"start":{"line":32,"column":0},"end":{"line":32,"column":7}},"32":{"start":{"line":33,"column":0},"end":{"line":33,"column":45}},"33":{"start":{"line":34,"column":0},"end":{"line":34,"column":27}},"34":{"start":{"line":35,"column":0},"end":{"line":35,"column":35}},"35":{"start":{"line":36,"column":0},"end":{"line":36,"column":29}},"37":{"start":{"line":38,"column":0},"end":{"line":38,"column":64}},"38":{"start":{"line":39,"column":0},"end":{"line":39,"column":39}},"39":{"start":{"line":40,"column":0},"end":{"line":40,"column":73}},"40":{"start":{"line":41,"column":0},"end":{"line":41,"column":43}},"41":{"start":{"line":42,"column":0},"end":{"line":42,"column":59}},"42":{"start":{"line":43,"column":0},"end":{"line":43,"column":63}},"43":{"start":{"line":44,"column":0},"end":{"line":44,"column":14}},"44":{"start":{"line":45,"column":0},"end":{"line":45,"column":11}},"46":{"start":{"line":47,"column":0},"end":{"line":47,"column":36}},"47":{"start":{"line":48,"column":0},"end":{"line":48,"column":88}},"48":{"start":{"line":49,"column":0},"end":{"line":49,"column":11}},"50":{"start":{"line":51,"column":0},"end":{"line":51,"column":71}},"51":{"start":{"line":52,"column":0},"end":{"line":52,"column":69}},"53":{"start":{"line":54,"column":0},"end":{"line":54,"column":112}},"54":{"start":{"line":55,"column":0},"end":{"line":55,"column":57}},"55":{"start":{"line":56,"column":0},"end":{"line":56,"column":11}},"57":{"start":{"line":58,"column":0},"end":{"line":58,"column":76}},"58":{"start":{"line":59,"column":0},"end":{"line":59,"column":75}},"59":{"start":{"line":60,"column":0},"end":{"line":60,"column":9}},"61":{"start":{"line":62,"column":0},"end":{"line":62,"column":1}}},"s":{"0":1,"1":1,"3":1,"5":1,"7":1,"14":1,"15":9,"16":9,"18":9,"19":1,"20":1,"22":1,"23":1,"24":1,"25":1,"27":1,"28":1,"30":9,"31":9,"32":9,"33":9,"34":9,"35":9,"37":9,"38":9,"39":9,"40":9,"41":9,"42":9,"43":9,"44":9,"46":9,"47":9,"48":9,"50":9,"51":9,"53":9,"54":9,"55":9,"57":9,"58":9,"59":9,"61":9},"branchMap":{"0":{"type":"branch","line":15,"loc":{"start":{"line":15,"column":7},"end":{"line":62,"column":1}},"locations":[{"start":{"line":15,"column":7},"end":{"line":62,"column":1}}]},"1":{"type":"branch","line":54,"loc":{"start":{"line":54,"column":83},"end":{"line":54,"column":100}},"locations":[{"start":{"line":54,"column":83},"end":{"line":54,"column":100}}]},"2":{"type":"branch","line":54,"loc":{"start":{"line":54,"column":87},"end":{"line":54,"column":112}},"locations":[{"start":{"line":54,"column":87},"end":{"line":54,"column":112}}]},"3":{"type":"branch","line":19,"loc":{"start":{"line":19,"column":22},"end":{"line":29,"column":4}},"locations":[{"start":{"line":19,"column":22},"end":{"line":29,"column":4}}]}},"b":{"0":[9],"1":[7],"2":[1],"3":[1]},"fnMap":{"0":{"name":"CoinItem","decl":{"start":{"line":15,"column":7},"end":{"line":62,"column":1}},"loc":{"start":{"line":15,"column":7},"end":{"line":62,"column":1}},"line":15},"1":{"name":"handleClick","decl":{"start":{"line":19,"column":22},"end":{"line":29,"column":4}},"loc":{"start":{"line":19,"column":22},"end":{"line":29,"column":4}},"line":19}},"f":{"0":9,"1":1}}
,"C:\\Users\\Siarhei\\Desktop\\rs-school\\src\\components\\shared\\CoinTable\\index.tsx": {"path":"C:\\Users\\Siarhei\\Desktop\\rs-school\\src\\components\\shared\\CoinTable\\index.tsx","all":false,"statementMap":{"0":{"start":{"line":1,"column":0},"end":{"line":1,"column":28}},"1":{"start":{"line":2,"column":0},"end":{"line":2,"column":39}},"5":{"start":{"line":6,"column":0},"end":{"line":6,"column":39}},"6":{"start":{"line":7,"column":0},"end":{"line":7,"column":46}},"13":{"start":{"line":14,"column":0},"end":{"line":14,"column":75}},"14":{"start":{"line":15,"column":0},"end":{"line":15,"column":27}},"15":{"start":{"line":16,"column":0},"end":{"line":16,"column":12}},"16":{"start":{"line":17,"column":0},"end":{"line":17,"column":41}},"17":{"start":{"line":18,"column":0},"end":{"line":18,"column":86}},"18":{"start":{"line":19,"column":0},"end":{"line":19,"column":37}},"19":{"start":{"line":20,"column":0},"end":{"line":20,"column":12}},"21":{"start":{"line":22,"column":0},"end":{"line":22,"column":3}},"23":{"start":{"line":24,"column":0},"end":{"line":24,"column":10}},"24":{"start":{"line":25,"column":0},"end":{"line":25,"column":49}},"25":{"start":{"line":26,"column":0},"end":{"line":26,"column":39}},"26":{"start":{"line":27,"column":0},"end":{"line":27,"column":15}},"27":{"start":{"line":28,"column":0},"end":{"line":28,"column":14}},"28":{"start":{"line":29,"column":0},"end":{"line":29,"column":49}},"29":{"start":{"line":30,"column":0},"end":{"line":30,"column":25}},"30":{"start":{"line":31,"column":0},"end":{"line":31,"column":26}},"31":{"start":{"line":32,"column":0},"end":{"line":32,"column":31}},"32":{"start":{"line":33,"column":0},"end":{"line":33,"column":30}},"33":{"start":{"line":34,"column":0},"end":{"line":34,"column":24}},"34":{"start":{"line":35,"column":0},"end":{"line":35,"column":33}},"35":{"start":{"line":36,"column":0},"end":{"line":36,"column":31}},"36":{"start":{"line":37,"column":0},"end":{"line":37,"column":15}},"37":{"start":{"line":38,"column":0},"end":{"line":38,"column":16}},"38":{"start":{"line":39,"column":0},"end":{"line":39,"column":15}},"39":{"start":{"line":40,"column":0},"end":{"line":40,"column":32}},"40":{"start":{"line":41,"column":0},"end":{"line":41,"column":50}},"41":{"start":{"line":42,"column":0},"end":{"line":42,"column":13}},"42":{"start":{"line":43,"column":0},"end":{"line":43,"column":16}},"43":{"start":{"line":44,"column":0},"end":{"line":44,"column":14}},"44":{"start":{"line":45,"column":0},"end":{"line":45,"column":10}},"46":{"start":{"line":47,"column":0},"end":{"line":47,"column":1}}},"s":{"0":1,"1":1,"5":1,"6":1,"13":1,"14":3,"15":1,"16":1,"17":1,"18":1,"19":1,"21":1,"23":2,"24":2,"25":2,"26":2,"27":2,"28":2,"29":2,"30":2,"31":2,"32":2,"33":2,"34":2,"35":2,"36":2,"37":2,"38":2,"39":2,"40":4,"41":2,"42":2,"43":2,"44":2,"46":2},"branchMap":{"0":{"type":"branch","line":14,"loc":{"start":{"line":14,"column":7},"end":{"line":47,"column":1}},"locations":[{"start":{"line":14,"column":7},"end":{"line":47,"column":1}}]},"1":{"type":"branch","line":15,"loc":{"start":{"line":15,"column":26},"end":{"line":22,"column":3}},"locations":[{"start":{"line":15,"column":26},"end":{"line":22,"column":3}}]},"2":{"type":"branch","line":22,"loc":{"start":{"line":22,"column":2},"end":{"line":47,"column":1}},"locations":[{"start":{"line":22,"column":2},"end":{"line":47,"column":1}}]},"3":{"type":"branch","line":40,"loc":{"start":{"line":40,"column":21},"end":{"line":41,"column":50}},"locations":[{"start":{"line":40,"column":21},"end":{"line":41,"column":50}}]}},"b":{"0":[3],"1":[1],"2":[2],"3":[4]},"fnMap":{"0":{"name":"CoinTable","decl":{"start":{"line":14,"column":7},"end":{"line":47,"column":1}},"loc":{"start":{"line":14,"column":7},"end":{"line":47,"column":1}},"line":14}},"f":{"0":3}}
,"C:\\Users\\Siarhei\\Desktop\\rs-school\\src\\components\\shared\\Container\\index.tsx": {"path":"C:\\Users\\Siarhei\\Desktop\\rs-school\\src\\components\\shared\\Container\\index.tsx","all":false,"statementMap":{"0":{"start":{"line":1,"column":0},"end":{"line":1,"column":28}},"2":{"start":{"line":3,"column":0},"end":{"line":3,"column":46}},"9":{"start":{"line":10,"column":0},"end":{"line":10,"column":78}},"10":{"start":{"line":11,"column":0},"end":{"line":11,"column":71}},"11":{"start":{"line":12,"column":0},"end":{"line":12,"column":1}}},"s":{"0":1,"2":1,"9":1,"10":5,"11":5},"branchMap":{"0":{"type":"branch","line":10,"loc":{"start":{"line":10,"column":7},"end":{"line":12,"column":1}},"locations":[{"start":{"line":10,"column":7},"end":{"line":12,"column":1}}]}},"b":{"0":[5]},"fnMap":{"0":{"name":"Container","decl":{"start":{"line":10,"column":7},"end":{"line":12,"column":1}},"loc":{"start":{"line":10,"column":7},"end":{"line":12,"column":1}},"line":10}},"f":{"0":5}}
,"C:\\Users\\Siarhei\\Desktop\\rs-school\\src\\components\\shared\\ErrorBoundary\\index.tsx": {"path":"C:\\Users\\Siarhei\\Desktop\\rs-school\\src\\components\\shared\\ErrorBoundary\\index.tsx","all":false,"statementMap":{"0":{"start":{"line":1,"column":0},"end":{"line":1,"column":56}},"2":{"start":{"line":3,"column":0},"end":{"line":3,"column":41}},"4":{"start":{"line":5,"column":0},"end":{"line":5,"column":51}},"14":{"start":{"line":15,"column":0},"end":{"line":15,"column":86}},"15":{"start":{"line":16,"column":0},"end":{"line":16,"column":30}},"17":{"start":{"line":18,"column":0},"end":{"line":18,"column":57}},"18":{"start":{"line":19,"column":0},"end":{"line":19,"column":30}},"19":{"start":{"line":20,"column":0},"end":{"line":20,"column":3}},"21":{"start":{"line":22,"column":0},"end":{"line":22,"column":63}},"22":{"start":{"line":23,"column":0},"end":{"line":23,"column":62}},"23":{"start":{"line":24,"column":0},"end":{"line":24,"column":3}},"25":{"start":{"line":26,"column":0},"end":{"line":26,"column":25}},"26":{"start":{"line":27,"column":0},"end":{"line":27,"column":39}},"27":{"start":{"line":28,"column":0},"end":{"line":28,"column":29}},"28":{"start":{"line":29,"column":0},"end":{"line":29,"column":4}},"30":{"start":{"line":31,"column":0},"end":{"line":31,"column":12}},"31":{"start":{"line":32,"column":0},"end":{"line":32,"column":30}},"32":{"start":{"line":33,"column":0},"end":{"line":33,"column":14}},"33":{"start":{"line":34,"column":0},"end":{"line":34,"column":38}},"34":{"start":{"line":35,"column":0},"end":{"line":35,"column":40}},"35":{"start":{"line":36,"column":0},"end":{"line":36,"column":65}},"36":{"start":{"line":37,"column":0},"end":{"line":37,"column":14}},"38":{"start":{"line":39,"column":0},"end":{"line":39,"column":5}},"40":{"start":{"line":41,"column":0},"end":{"line":41,"column":31}},"41":{"start":{"line":42,"column":0},"end":{"line":42,"column":3}},"42":{"start":{"line":43,"column":0},"end":{"line":43,"column":1}}},"s":{"0":1,"2":1,"4":1,"14":1,"15":5,"17":5,"18":6,"19":6,"21":5,"22":3,"23":3,"25":5,"26":1,"27":1,"28":1,"30":5,"31":13,"32":6,"33":6,"34":6,"35":6,"36":6,"38":6,"40":7,"41":13,"42":5},"branchMap":{"0":{"type":"branch","line":15,"loc":{"start":{"line":15,"column":85},"end":{"line":43,"column":1}},"locations":[{"start":{"line":15,"column":85},"end":{"line":43,"column":1}}]},"1":{"type":"branch","line":18,"loc":{"start":{"line":18,"column":9},"end":{"line":20,"column":3}},"locations":[{"start":{"line":18,"column":9},"end":{"line":20,"column":3}}]},"2":{"type":"branch","line":22,"loc":{"start":{"line":22,"column":2},"end":{"line":24,"column":3}},"locations":[{"start":{"line":22,"column":2},"end":{"line":24,"column":3}}]},"3":{"type":"branch","line":26,"loc":{"start":{"line":26,"column":18},"end":{"line":29,"column":4}},"locations":[{"start":{"line":26,"column":18},"end":{"line":29,"column":4}}]},"4":{"type":"branch","line":31,"loc":{"start":{"line":31,"column":2},"end":{"line":42,"column":3}},"locations":[{"start":{"line":31,"column":2},"end":{"line":42,"column":3}}]},"5":{"type":"branch","line":32,"loc":{"start":{"line":32,"column":29},"end":{"line":39,"column":5}},"locations":[{"start":{"line":32,"column":29},"end":{"line":39,"column":5}}]},"6":{"type":"branch","line":39,"loc":{"start":{"line":39,"column":4},"end":{"line":41,"column":31}},"locations":[{"start":{"line":39,"column":4},"end":{"line":41,"column":31}}]}},"b":{"0":[5],"1":[6],"2":[3],"3":[1],"4":[13],"5":[6],"6":[7]},"fnMap":{"0":{"name":"<instance_members_initializer>","decl":{"start":{"line":15,"column":85},"end":{"line":43,"column":1}},"loc":{"start":{"line":15,"column":85},"end":{"line":43,"column":1}},"line":15},"1":{"name":"getDerivedStateFromError","decl":{"start":{"line":18,"column":9},"end":{"line":20,"column":3}},"loc":{"start":{"line":18,"column":9},"end":{"line":20,"column":3}},"line":18},"2":{"name":"componentDidCatch","decl":{"start":{"line":22,"column":2},"end":{"line":24,"column":3}},"loc":{"start":{"line":22,"column":2},"end":{"line":24,"column":3}},"line":22},"3":{"name":"handleRefresh","decl":{"start":{"line":26,"column":18},"end":{"line":29,"column":4}},"loc":{"start":{"line":26,"column":18},"end":{"line":29,"column":4}},"line":26},"4":{"name":"render","decl":{"start":{"line":31,"column":2},"end":{"line":42,"column":3}},"loc":{"start":{"line":31,"column":2},"end":{"line":42,"column":3}},"line":31}},"f":{"0":5,"1":6,"2":3,"3":1,"4":13}}
,"C:\\Users\\Siarhei\\Desktop\\rs-school\\src\\components\\shared\\Header\\index.tsx": {"path":"C:\\Users\\Siarhei\\Desktop\\rs-school\\src\\components\\shared\\Header\\index.tsx","all":false,"statementMap":{"0":{"start":{"line":1,"column":0},"end":{"line":1,"column":28}},"2":{"start":{"line":3,"column":0},"end":{"line":3,"column":54}},"4":{"start":{"line":5,"column":0},"end":{"line":5,"column":43}},"10":{"start":{"line":11,"column":0},"end":{"line":11,"column":62}},"11":{"start":{"line":12,"column":0},"end":{"line":12,"column":10}},"12":{"start":{"line":13,"column":0},"end":{"line":13,"column":52}},"13":{"start":{"line":14,"column":0},"end":{"line":14,"column":17}},"14":{"start":{"line":15,"column":0},"end":{"line":15,"column":37}},"15":{"start":{"line":16,"column":0},"end":{"line":16,"column":43}},"16":{"start":{"line":17,"column":0},"end":{"line":17,"column":14}},"17":{"start":{"line":18,"column":0},"end":{"line":18,"column":18}},"18":{"start":{"line":19,"column":0},"end":{"line":19,"column":13}},"20":{"start":{"line":21,"column":0},"end":{"line":21,"column":1}}},"s":{"0":1,"2":1,"4":1,"10":1,"11":3,"12":3,"13":3,"14":3,"15":3,"16":3,"17":3,"18":3,"20":3},"branchMap":{"0":{"type":"branch","line":11,"loc":{"start":{"line":11,"column":7},"end":{"line":21,"column":1}},"locations":[{"start":{"line":11,"column":7},"end":{"line":21,"column":1}}]}},"b":{"0":[3]},"fnMap":{"0":{"name":"Header","decl":{"start":{"line":11,"column":7},"end":{"line":21,"column":1}},"loc":{"start":{"line":11,"column":7},"end":{"line":21,"column":1}},"line":11}},"f":{"0":3}}
,"C:\\Users\\Siarhei\\Desktop\\rs-school\\src\\components\\shared\\Logo\\index.tsx": {"path":"C:\\Users\\Siarhei\\Desktop\\rs-school\\src\\components\\shared\\Logo\\index.tsx","all":false,"statementMap":{"0":{"start":{"line":1,"column":0},"end":{"line":1,"column":28}},"1":{"start":{"line":2,"column":0},"end":{"line":2,"column":40}},"3":{"start":{"line":4,"column":0},"end":{"line":4,"column":39}},"5":{"start":{"line":6,"column":0},"end":{"line":6,"column":41}},"11":{"start":{"line":12,"column":0},"end":{"line":12,"column":58}},"12":{"start":{"line":13,"column":0},"end":{"line":13,"column":10}},"13":{"start":{"line":14,"column":0},"end":{"line":14,"column":89}},"14":{"start":{"line":15,"column":0},"end":{"line":15,"column":46}},"15":{"start":{"line":16,"column":0},"end":{"line":16,"column":44}},"16":{"start":{"line":17,"column":0},"end":{"line":17,"column":44}},"17":{"start":{"line":18,"column":0},"end":{"line":18,"column":11}},"19":{"start":{"line":20,"column":0},"end":{"line":20,"column":1}}},"s":{"0":1,"1":1,"3":1,"5":1,"11":1,"12":6,"13":6,"14":6,"15":6,"16":6,"17":6,"19":6},"branchMap":{"0":{"type":"branch","line":12,"loc":{"start":{"line":12,"column":7},"end":{"line":20,"column":1}},"locations":[{"start":{"line":12,"column":7},"end":{"line":20,"column":1}}]}},"b":{"0":[6]},"fnMap":{"0":{"name":"Logo","decl":{"start":{"line":12,"column":7},"end":{"line":20,"column":1}},"loc":{"start":{"line":12,"column":7},"end":{"line":20,"column":1}},"line":12}},"f":{"0":6}}
,"C:\\Users\\Siarhei\\Desktop\\rs-school\\src\\components\\shared\\Pagination\\index.tsx": {"path":"C:\\Users\\Siarhei\\Desktop\\rs-school\\src\\components\\shared\\Pagination\\index.tsx","all":false,"statementMap":{"0":{"start":{"line":1,"column":0},"end":{"line":1,"column":57}},"1":{"start":{"line":2,"column":0},"end":{"line":2,"column":26}},"3":{"start":{"line":4,"column":0},"end":{"line":4,"column":47}},"12":{"start":{"line":13,"column":0},"end":{"line":13,"column":108}},"13":{"start":{"line":14,"column":0},"end":{"line":14,"column":57}},"15":{"start":{"line":16,"column":0},"end":{"line":16,"column":23}},"16":{"start":{"line":17,"column":0},"end":{"line":17,"column":16}},"17":{"start":{"line":18,"column":0},"end":{"line":18,"column":3}},"19":{"start":{"line":20,"column":0},"end":{"line":20,"column":28}},"21":{"start":{"line":22,"column":0},"end":{"line":22,"column":32}},"22":{"start":{"line":23,"column":0},"end":{"line":23,"column":36}},"24":{"start":{"line":25,"column":0},"end":{"line":25,"column":17}},"26":{"start":{"line":27,"column":0},"end":{"line":27,"column":81}},"27":{"start":{"line":28,"column":0},"end":{"line":28,"column":77}},"29":{"start":{"line":30,"column":0},"end":{"line":30,"column":48}},"30":{"start":{"line":31,"column":0},"end":{"line":31,"column":19}},"31":{"start":{"line":32,"column":0},"end":{"line":32,"column":5}},"33":{"start":{"line":34,"column":0},"end":{"line":34,"column":24}},"34":{"start":{"line":35,"column":0},"end":{"line":35,"column":27}},"35":{"start":{"line":36,"column":0},"end":{"line":36,"column":5}},"37":{"start":{"line":38,"column":0},"end":{"line":38,"column":51}},"38":{"start":{"line":39,"column":0},"end":{"line":39,"column":4}},"40":{"start":{"line":41,"column":0},"end":{"line":41,"column":32}},"41":{"start":{"line":42,"column":0},"end":{"line":42,"column":51}},"42":{"start":{"line":43,"column":0},"end":{"line":43,"column":4}},"44":{"start":{"line":45,"column":0},"end":{"line":45,"column":28}},"45":{"start":{"line":46,"column":0},"end":{"line":46,"column":59}},"46":{"start":{"line":47,"column":0},"end":{"line":47,"column":4}},"48":{"start":{"line":49,"column":0},"end":{"line":49,"column":10}},"49":{"start":{"line":50,"column":0},"end":{"line":50,"column":47}},"50":{"start":{"line":51,"column":0},"end":{"line":51,"column":13}},"51":{"start":{"line":52,"column":0},"end":{"line":52,"column":37}},"52":{"start":{"line":53,"column":0},"end":{"line":53,"column":32}},"53":{"start":{"line":54,"column":0},"end":{"line":54,"column":36}},"54":{"start":{"line":55,"column":0},"end":{"line":55,"column":34}},"56":{"start":{"line":57,"column":0},"end":{"line":57,"column":33}},"57":{"start":{"line":58,"column":0},"end":{"line":58,"column":15}},"58":{"start":{"line":59,"column":0},"end":{"line":59,"column":41}},"59":{"start":{"line":60,"column":0},"end":{"line":60,"column":57}},"60":{"start":{"line":61,"column":0},"end":{"line":61,"column":39}},"61":{"start":{"line":62,"column":0},"end":{"line":62,"column":98}},"62":{"start":{"line":63,"column":0},"end":{"line":63,"column":86}},"63":{"start":{"line":64,"column":0},"end":{"line":64,"column":24}},"64":{"start":{"line":65,"column":0},"end":{"line":65,"column":23}},"65":{"start":{"line":66,"column":0},"end":{"line":66,"column":17}},"66":{"start":{"line":67,"column":0},"end":{"line":67,"column":116}},"67":{"start":{"line":68,"column":0},"end":{"line":68,"column":27}},"68":{"start":{"line":69,"column":0},"end":{"line":69,"column":11}},"69":{"start":{"line":70,"column":0},"end":{"line":70,"column":11}},"70":{"start":{"line":71,"column":0},"end":{"line":71,"column":13}},"71":{"start":{"line":72,"column":0},"end":{"line":72,"column":37}},"72":{"start":{"line":73,"column":0},"end":{"line":73,"column":28}},"73":{"start":{"line":74,"column":0},"end":{"line":74,"column":44}},"74":{"start":{"line":75,"column":0},"end":{"line":75,"column":30}},"76":{"start":{"line":77,"column":0},"end":{"line":77,"column":34}},"77":{"start":{"line":78,"column":0},"end":{"line":78,"column":15}},"78":{"start":{"line":79,"column":0},"end":{"line":79,"column":10}},"80":{"start":{"line":81,"column":0},"end":{"line":81,"column":1}}},"s":{"0":1,"1":1,"3":1,"12":1,"13":7,"15":7,"16":1,"17":1,"19":6,"21":6,"22":6,"24":6,"26":6,"27":6,"29":6,"30":16,"31":16,"33":6,"34":6,"35":6,"37":6,"38":6,"40":6,"41":1,"42":1,"44":6,"45":1,"46":1,"48":6,"49":6,"50":6,"51":6,"52":6,"53":6,"54":6,"56":6,"57":6,"58":6,"59":6,"60":28,"61":28,"62":28,"63":28,"64":28,"65":28,"66":28,"67":28,"68":6,"69":6,"70":6,"71":6,"72":6,"73":6,"74":6,"76":6,"77":6,"78":6,"80":6},"branchMap":{"0":{"type":"branch","line":13,"loc":{"start":{"line":13,"column":7},"end":{"line":81,"column":1}},"locations":[{"start":{"line":13,"column":7},"end":{"line":81,"column":1}}]},"1":{"type":"branch","line":16,"loc":{"start":{"line":16,"column":22},"end":{"line":18,"column":3}},"locations":[{"start":{"line":16,"column":22},"end":{"line":18,"column":3}}]},"2":{"type":"branch","line":18,"loc":{"start":{"line":18,"column":2},"end":{"line":81,"column":1}},"locations":[{"start":{"line":18,"column":2},"end":{"line":81,"column":1}}]},"3":{"type":"branch","line":22,"loc":{"start":{"line":22,"column":25},"end":{"line":39,"column":4}},"locations":[{"start":{"line":22,"column":25},"end":{"line":39,"column":4}}]},"4":{"type":"branch","line":30,"loc":{"start":{"line":30,"column":47},"end":{"line":32,"column":5}},"locations":[{"start":{"line":30,"column":47},"end":{"line":32,"column":5}}]},"5":{"type":"branch","line":38,"loc":{"start":{"line":38,"column":34},"end":{"line":38,"column":49}},"locations":[{"start":{"line":38,"column":34},"end":{"line":38,"column":49}}]},"6":{"type":"branch","line":41,"loc":{"start":{"line":41,"column":25},"end":{"line":43,"column":4}},"locations":[{"start":{"line":41,"column":25},"end":{"line":43,"column":4}}]},"7":{"type":"branch","line":45,"loc":{"start":{"line":45,"column":21},"end":{"line":47,"column":4}},"locations":[{"start":{"line":45,"column":21},"end":{"line":47,"column":4}}]},"8":{"type":"branch","line":60,"loc":{"start":{"line":60,"column":30},"end":{"line":68,"column":27}},"locations":[{"start":{"line":60,"column":30},"end":{"line":68,"column":27}}]},"9":{"type":"branch","line":62,"loc":{"start":{"line":62,"column":66},"end":{"line":62,"column":92}},"locations":[{"start":{"line":62,"column":66},"end":{"line":62,"column":92}}]},"10":{"type":"branch","line":62,"loc":{"start":{"line":62,"column":83},"end":{"line":62,"column":94}},"locations":[{"start":{"line":62,"column":83},"end":{"line":62,"column":94}}]},"11":{"type":"branch","line":67,"loc":{"start":{"line":67,"column":36},"end":{"line":67,"column":74}},"locations":[{"start":{"line":67,"column":36},"end":{"line":67,"column":74}}]},"12":{"type":"branch","line":67,"loc":{"start":{"line":67,"column":69},"end":{"line":67,"column":116}},"locations":[{"start":{"line":67,"column":69},"end":{"line":67,"column":116}}]},"13":{"type":"branch","line":63,"loc":{"start":{"line":63,"column":62},"end":{"line":63,"column":86}},"locations":[{"start":{"line":63,"column":62},"end":{"line":63,"column":86}}]}},"b":{"0":[7],"1":[1],"2":[6],"3":[6],"4":[16],"5":[22],"6":[1],"7":[1],"8":[28],"9":[6],"10":[22],"11":[22],"12":[7],"13":[1]},"fnMap":{"0":{"name":"Pagination","decl":{"start":{"line":13,"column":7},"end":{"line":81,"column":1}},"loc":{"start":{"line":13,"column":7},"end":{"line":81,"column":1}},"line":13},"1":{"name":"getPageNumbers","decl":{"start":{"line":22,"column":25},"end":{"line":39,"column":4}},"loc":{"start":{"line":22,"column":25},"end":{"line":39,"column":4}},"line":22},"2":{"name":"handlePrevious","decl":{"start":{"line":41,"column":25},"end":{"line":43,"column":4}},"loc":{"start":{"line":41,"column":25},"end":{"line":43,"column":4}},"line":41},"3":{"name":"handleNext","decl":{"start":{"line":45,"column":21},"end":{"line":47,"column":4}},"loc":{"start":{"line":45,"column":21},"end":{"line":47,"column":4}},"line":45},"4":{"name":"onClick","decl":{"start":{"line":63,"column":62},"end":{"line":63,"column":86}},"loc":{"start":{"line":63,"column":62},"end":{"line":63,"column":86}},"line":63}},"f":{"0":7,"1":6,"2":1,"3":1,"4":1}}
,"C:\\Users\\Siarhei\\Desktop\\rs-school\\src\\components\\shared\\Preloader\\index.tsx": {"path":"C:\\Users\\Siarhei\\Desktop\\rs-school\\src\\components\\shared\\Preloader\\index.tsx","all":false,"statementMap":{"0":{"start":{"line":1,"column":0},"end":{"line":1,"column":28}},"2":{"start":{"line":3,"column":0},"end":{"line":3,"column":42}},"4":{"start":{"line":5,"column":0},"end":{"line":5,"column":45}},"10":{"start":{"line":11,"column":0},"end":{"line":11,"column":68}},"11":{"start":{"line":12,"column":0},"end":{"line":12,"column":10}},"12":{"start":{"line":13,"column":0},"end":{"line":13,"column":48}},"13":{"start":{"line":14,"column":0},"end":{"line":14,"column":17}},"14":{"start":{"line":15,"column":0},"end":{"line":15,"column":10}},"16":{"start":{"line":17,"column":0},"end":{"line":17,"column":1}}},"s":{"0":1,"2":1,"4":1,"10":1,"11":1,"12":1,"13":1,"14":1,"16":1},"branchMap":{"0":{"type":"branch","line":11,"loc":{"start":{"line":11,"column":7},"end":{"line":17,"column":1}},"locations":[{"start":{"line":11,"column":7},"end":{"line":17,"column":1}}]}},"b":{"0":[1]},"fnMap":{"0":{"name":"Preloader","decl":{"start":{"line":11,"column":7},"end":{"line":17,"column":1}},"loc":{"start":{"line":11,"column":7},"end":{"line":17,"column":1}},"line":11}},"f":{"0":1}}
,"C:\\Users\\Siarhei\\Desktop\\rs-school\\src\\components\\shared\\Search\\index.tsx": {"path":"C:\\Users\\Siarhei\\Desktop\\rs-school\\src\\components\\shared\\Search\\index.tsx","all":false,"statementMap":{"0":{"start":{"line":1,"column":0},"end":{"line":1,"column":28}},"1":{"start":{"line":2,"column":0},"end":{"line":2,"column":52}},"2":{"start":{"line":3,"column":0},"end":{"line":3,"column":26}},"4":{"start":{"line":5,"column":0},"end":{"line":5,"column":48}},"5":{"start":{"line":6,"column":0},"end":{"line":6,"column":42}},"6":{"start":{"line":7,"column":0},"end":{"line":7,"column":56}},"8":{"start":{"line":9,"column":0},"end":{"line":9,"column":43}},"16":{"start":{"line":17,"column":0},"end":{"line":17,"column":85}},"17":{"start":{"line":18,"column":0},"end":{"line":18,"column":78}},"19":{"start":{"line":20,"column":0},"end":{"line":20,"column":68}},"20":{"start":{"line":21,"column":0},"end":{"line":21,"column":33}},"21":{"start":{"line":22,"column":0},"end":{"line":22,"column":26}},"23":{"start":{"line":24,"column":0},"end":{"line":24,"column":24}},"24":{"start":{"line":25,"column":0},"end":{"line":25,"column":19}},"25":{"start":{"line":26,"column":0},"end":{"line":26,"column":5}},"26":{"start":{"line":27,"column":0},"end":{"line":27,"column":4}},"28":{"start":{"line":29,"column":0},"end":{"line":29,"column":48}},"29":{"start":{"line":30,"column":0},"end":{"line":30,"column":23}},"30":{"start":{"line":31,"column":0},"end":{"line":31,"column":26}},"31":{"start":{"line":32,"column":0},"end":{"line":32,"column":4}},"33":{"start":{"line":34,"column":0},"end":{"line":34,"column":25}},"34":{"start":{"line":35,"column":0},"end":{"line":35,"column":29}},"35":{"start":{"line":36,"column":0},"end":{"line":36,"column":28}},"36":{"start":{"line":37,"column":0},"end":{"line":37,"column":5}},"37":{"start":{"line":38,"column":0},"end":{"line":38,"column":9}},"39":{"start":{"line":40,"column":0},"end":{"line":40,"column":10}},"40":{"start":{"line":41,"column":0},"end":{"line":41,"column":74}},"41":{"start":{"line":42,"column":0},"end":{"line":42,"column":44}},"42":{"start":{"line":43,"column":0},"end":{"line":43,"column":57}},"43":{"start":{"line":44,"column":0},"end":{"line":44,"column":14}},"44":{"start":{"line":45,"column":0},"end":{"line":45,"column":35}},"45":{"start":{"line":46,"column":0},"end":{"line":46,"column":35}},"46":{"start":{"line":47,"column":0},"end":{"line":47,"column":23}},"47":{"start":{"line":48,"column":0},"end":{"line":48,"column":29}},"48":{"start":{"line":49,"column":0},"end":{"line":49,"column":33}},"49":{"start":{"line":50,"column":0},"end":{"line":50,"column":10}},"50":{"start":{"line":51,"column":0},"end":{"line":51,"column":12}},"51":{"start":{"line":52,"column":0},"end":{"line":52,"column":56}},"52":{"start":{"line":53,"column":0},"end":{"line":53,"column":11}},"54":{"start":{"line":55,"column":0},"end":{"line":55,"column":1}}},"s":{"0":1,"1":1,"2":1,"4":1,"5":1,"6":1,"8":1,"16":1,"17":6,"19":6,"20":2,"21":2,"23":2,"24":1,"25":1,"26":2,"28":6,"29":1,"30":1,"31":1,"33":6,"34":4,"35":2,"36":2,"37":6,"39":6,"40":6,"41":6,"42":6,"43":6,"44":6,"45":6,"46":6,"47":6,"48":6,"49":6,"50":6,"51":6,"52":6,"54":6},"branchMap":{"0":{"type":"branch","line":17,"loc":{"start":{"line":17,"column":7},"end":{"line":55,"column":1}},"locations":[{"start":{"line":17,"column":7},"end":{"line":55,"column":1}}]},"1":{"type":"branch","line":20,"loc":{"start":{"line":20,"column":23},"end":{"line":27,"column":4}},"locations":[{"start":{"line":20,"column":23},"end":{"line":27,"column":4}}]},"2":{"type":"branch","line":24,"loc":{"start":{"line":24,"column":23},"end":{"line":26,"column":5}},"locations":[{"start":{"line":24,"column":23},"end":{"line":26,"column":5}}]},"3":{"type":"branch","line":29,"loc":{"start":{"line":29,"column":23},"end":{"line":32,"column":4}},"locations":[{"start":{"line":29,"column":23},"end":{"line":32,"column":4}}]},"4":{"type":"branch","line":34,"loc":{"start":{"line":34,"column":18},"end":{"line":38,"column":5}},"locations":[{"start":{"line":34,"column":18},"end":{"line":38,"column":5}}]},"5":{"type":"branch","line":35,"loc":{"start":{"line":35,"column":28},"end":{"line":37,"column":5}},"locations":[{"start":{"line":35,"column":28},"end":{"line":37,"column":5}}]}},"b":{"0":[6],"1":[2],"2":[1],"3":[1],"4":[4],"5":[2]},"fnMap":{"0":{"name":"Search","decl":{"start":{"line":17,"column":7},"end":{"line":55,"column":1}},"loc":{"start":{"line":17,"column":7},"end":{"line":55,"column":1}},"line":17},"1":{"name":"handleChange","decl":{"start":{"line":20,"column":23},"end":{"line":27,"column":4}},"loc":{"start":{"line":20,"column":23},"end":{"line":27,"column":4}},"line":20},"2":{"name":"handleSubmit","decl":{"start":{"line":29,"column":23},"end":{"line":32,"column":4}},"loc":{"start":{"line":29,"column":23},"end":{"line":32,"column":4}},"line":29}},"f":{"0":6,"1":2,"2":1}}
,"C:\\Users\\Siarhei\\Desktop\\rs-school\\src\\components\\ui\\Button\\index.tsx": {"path":"C:\\Users\\Siarhei\\Desktop\\rs-school\\src\\components\\ui\\Button\\index.tsx","all":false,"statementMap":{"0":{"start":{"line":1,"column":0},"end":{"line":1,"column":28}},"3":{"start":{"line":4,"column":0},"end":{"line":4,"column":43}},"10":{"start":{"line":11,"column":0},"end":{"line":11,"column":82}},"11":{"start":{"line":12,"column":0},"end":{"line":12,"column":10}},"12":{"start":{"line":13,"column":0},"end":{"line":13,"column":63}},"13":{"start":{"line":14,"column":0},"end":{"line":14,"column":16}},"14":{"start":{"line":15,"column":0},"end":{"line":15,"column":13}},"16":{"start":{"line":17,"column":0},"end":{"line":17,"column":1}}},"s":{"0":1,"3":1,"10":1,"11":13,"12":13,"13":13,"14":13,"16":13},"branchMap":{"0":{"type":"branch","line":11,"loc":{"start":{"line":11,"column":7},"end":{"line":17,"column":1}},"locations":[{"start":{"line":11,"column":7},"end":{"line":17,"column":1}}]}},"b":{"0":[13]},"fnMap":{"0":{"name":"Button","decl":{"start":{"line":11,"column":7},"end":{"line":17,"column":1}},"loc":{"start":{"line":11,"column":7},"end":{"line":17,"column":1}},"line":11}},"f":{"0":13}}
,"C:\\Users\\Siarhei\\Desktop\\rs-school\\src\\components\\ui\\Input\\index.tsx": {"path":"C:\\Users\\Siarhei\\Desktop\\rs-school\\src\\components\\ui\\Input\\index.tsx","all":false,"statementMap":{"0":{"start":{"line":1,"column":0},"end":{"line":1,"column":28}},"3":{"start":{"line":4,"column":0},"end":{"line":4,"column":42}},"9":{"start":{"line":10,"column":0},"end":{"line":10,"column":70}},"10":{"start":{"line":11,"column":0},"end":{"line":11,"column":70}},"11":{"start":{"line":12,"column":0},"end":{"line":12,"column":1}}},"s":{"0":1,"3":1,"9":1,"10":6,"11":6},"branchMap":{"0":{"type":"branch","line":10,"loc":{"start":{"line":10,"column":7},"end":{"line":12,"column":1}},"locations":[{"start":{"line":10,"column":7},"end":{"line":12,"column":1}}]}},"b":{"0":[6]},"fnMap":{"0":{"name":"Input","decl":{"start":{"line":10,"column":7},"end":{"line":12,"column":1}},"loc":{"start":{"line":10,"column":7},"end":{"line":12,"column":1}},"line":10}},"f":{"0":6}}
,"C:\\Users\\Siarhei\\Desktop\\rs-school\\src\\components\\ui\\Spinner\\index.tsx": {"path":"C:\\Users\\Siarhei\\Desktop\\rs-school\\src\\components\\ui\\Spinner\\index.tsx","all":false,"statementMap":{"0":{"start":{"line":1,"column":0},"end":{"line":1,"column":28}},"2":{"start":{"line":3,"column":0},"end":{"line":3,"column":44}},"8":{"start":{"line":9,"column":0},"end":{"line":9,"column":64}},"9":{"start":{"line":10,"column":0},"end":{"line":10,"column":10}},"10":{"start":{"line":11,"column":0},"end":{"line":11,"column":49}},"11":{"start":{"line":12,"column":0},"end":{"line":12,"column":41}},"12":{"start":{"line":13,"column":0},"end":{"line":13,"column":10}},"14":{"start":{"line":15,"column":0},"end":{"line":15,"column":1}}},"s":{"0":1,"2":1,"8":1,"9":1,"10":1,"11":1,"12":1,"14":1},"branchMap":{"0":{"type":"branch","line":9,"loc":{"start":{"line":9,"column":7},"end":{"line":15,"column":1}},"locations":[{"start":{"line":9,"column":7},"end":{"line":15,"column":1}}]}},"b":{"0":[1]},"fnMap":{"0":{"name":"Spinner","decl":{"start":{"line":9,"column":7},"end":{"line":15,"column":1}},"loc":{"start":{"line":9,"column":7},"end":{"line":15,"column":1}},"line":9}},"f":{"0":1}}
,"C:\\Users\\Siarhei\\Desktop\\rs-school\\src\\layout\\Root\\index.tsx": {"path":"C:\\Users\\Siarhei\\Desktop\\rs-school\\src\\layout\\Root\\index.tsx","all":true,"statementMap":{"6":{"start":{"line":7,"column":0},"end":{"line":7,"column":68}},"7":{"start":{"line":8,"column":0},"end":{"line":8,"column":10}},"8":{"start":{"line":9,"column":0},"end":{"line":9,"column":28}},"9":{"start":{"line":10,"column":0},"end":{"line":10,"column":46}},"10":{"start":{"line":11,"column":0},"end":{"line":11,"column":10}},"12":{"start":{"line":13,"column":0},"end":{"line":13,"column":2}}},"s":{"6":0,"7":0,"8":0,"9":0,"10":0,"12":0},"branchMap":{"0":{"type":"branch","line":1,"loc":{"start":{"line":1,"column":200},"end":{"line":13,"column":-56}},"locations":[{"start":{"line":1,"column":200},"end":{"line":13,"column":-56}}]}},"b":{"0":[1]},"fnMap":{"0":{"name":"(empty-report)","decl":{"start":{"line":1,"column":200},"end":{"line":13,"column":-56}},"loc":{"start":{"line":1,"column":200},"end":{"line":13,"column":-56}},"line":1}},"f":{"0":1}}
,"C:\\Users\\Siarhei\\Desktop\\rs-school\\src\\pages\\404\\index.tsx": {"path":"C:\\Users\\Siarhei\\Desktop\\rs-school\\src\\pages\\404\\index.tsx","all":false,"statementMap":{"0":{"start":{"line":1,"column":0},"end":{"line":1,"column":47}},"2":{"start":{"line":3,"column":0},"end":{"line":3,"column":41}},"3":{"start":{"line":4,"column":0},"end":{"line":4,"column":39}},"5":{"start":{"line":6,"column":0},"end":{"line":6,"column":40}},"7":{"start":{"line":8,"column":0},"end":{"line":8,"column":27}},"8":{"start":{"line":9,"column":0},"end":{"line":9,"column":33}},"10":{"start":{"line":11,"column":0},"end":{"line":11,"column":10}},"11":{"start":{"line":12,"column":0},"end":{"line":12,"column":57}},"12":{"start":{"line":13,"column":0},"end":{"line":13,"column":44}},"13":{"start":{"line":14,"column":0},"end":{"line":14,"column":85}},"14":{"start":{"line":15,"column":0},"end":{"line":15,"column":73}},"15":{"start":{"line":16,"column":0},"end":{"line":16,"column":10}},"17":{"start":{"line":18,"column":0},"end":{"line":18,"column":1}}},"s":{"0":1,"2":1,"3":1,"5":1,"7":1,"8":1,"10":1,"11":1,"12":1,"13":1,"14":1,"15":1,"17":1},"branchMap":{"0":{"type":"branch","line":8,"loc":{"start":{"line":8,"column":7},"end":{"line":18,"column":1}},"locations":[{"start":{"line":8,"column":7},"end":{"line":18,"column":1}}]}},"b":{"0":[1]},"fnMap":{"0":{"name":"Page404","decl":{"start":{"line":8,"column":7},"end":{"line":18,"column":1}},"loc":{"start":{"line":8,"column":7},"end":{"line":18,"column":1}},"line":8},"1":{"name":"onClick","decl":{"start":{"line":15,"column":23},"end":{"line":15,"column":55}},"loc":{"start":{"line":15,"column":23},"end":{"line":15,"column":55}},"line":15}},"f":{"0":1,"1":0}}
,"C:\\Users\\Siarhei\\Desktop\\rs-school\\src\\pages\\CoinDetails\\index.tsx": {"path":"C:\\Users\\Siarhei\\Desktop\\rs-school\\src\\pages\\CoinDetails\\index.tsx","all":false,"statementMap":{"0":{"start":{"line":1,"column":0},"end":{"line":1,"column":33}},"1":{"start":{"line":2,"column":0},"end":{"line":2,"column":58}},"3":{"start":{"line":4,"column":0},"end":{"line":4,"column":48}},"4":{"start":{"line":5,"column":0},"end":{"line":5,"column":57}},"5":{"start":{"line":6,"column":0},"end":{"line":6,"column":34}},"6":{"start":{"line":7,"column":0},"end":{"line":7,"column":76}},"7":{"start":{"line":8,"column":0},"end":{"line":8,"column":54}},"9":{"start":{"line":10,"column":0},"end":{"line":10,"column":49}},"11":{"start":{"line":12,"column":0},"end":{"line":12,"column":35}},"12":{"start":{"line":13,"column":0},"end":{"line":13,"column":29}},"13":{"start":{"line":14,"column":0},"end":{"line":14,"column":33}},"14":{"start":{"line":15,"column":0},"end":{"line":15,"column":40}},"15":{"start":{"line":16,"column":0},"end":{"line":16,"column":56}},"17":{"start":{"line":18,"column":0},"end":{"line":18,"column":29}},"18":{"start":{"line":19,"column":0},"end":{"line":19,"column":84}},"19":{"start":{"line":20,"column":0},"end":{"line":20,"column":101}},"20":{"start":{"line":21,"column":0},"end":{"line":21,"column":4}},"22":{"start":{"line":23,"column":0},"end":{"line":23,"column":39}},"23":{"start":{"line":24,"column":0},"end":{"line":24,"column":23}},"24":{"start":{"line":25,"column":0},"end":{"line":25,"column":3}},"26":{"start":{"line":27,"column":0},"end":{"line":27,"column":10}},"27":{"start":{"line":28,"column":0},"end":{"line":28,"column":37}},"28":{"start":{"line":29,"column":0},"end":{"line":29,"column":38}},"29":{"start":{"line":30,"column":0},"end":{"line":30,"column":45}},"30":{"start":{"line":31,"column":0},"end":{"line":31,"column":70}},"31":{"start":{"line":32,"column":0},"end":{"line":32,"column":15}},"32":{"start":{"line":33,"column":0},"end":{"line":33,"column":17}},"33":{"start":{"line":34,"column":0},"end":{"line":34,"column":12}},"35":{"start":{"line":36,"column":0},"end":{"line":36,"column":46}},"36":{"start":{"line":37,"column":0},"end":{"line":37,"column":41}},"37":{"start":{"line":38,"column":0},"end":{"line":38,"column":65}},"39":{"start":{"line":40,"column":0},"end":{"line":40,"column":24}},"40":{"start":{"line":41,"column":0},"end":{"line":41,"column":25}},"42":{"start":{"line":43,"column":0},"end":{"line":43,"column":21}},"43":{"start":{"line":44,"column":0},"end":{"line":44,"column":16}},"44":{"start":{"line":45,"column":0},"end":{"line":45,"column":50}},"45":{"start":{"line":46,"column":0},"end":{"line":46,"column":90}},"46":{"start":{"line":47,"column":0},"end":{"line":47,"column":48}},"47":{"start":{"line":48,"column":0},"end":{"line":48,"column":81}},"48":{"start":{"line":49,"column":0},"end":{"line":49,"column":110}},"49":{"start":{"line":50,"column":0},"end":{"line":50,"column":22}},"50":{"start":{"line":51,"column":0},"end":{"line":51,"column":48}},"51":{"start":{"line":52,"column":0},"end":{"line":52,"column":108}},"52":{"start":{"line":53,"column":0},"end":{"line":53,"column":21}},"53":{"start":{"line":54,"column":0},"end":{"line":54,"column":95}},"54":{"start":{"line":55,"column":0},"end":{"line":55,"column":24}},"55":{"start":{"line":56,"column":0},"end":{"line":56,"column":24}},"56":{"start":{"line":57,"column":0},"end":{"line":57,"column":22}},"58":{"start":{"line":59,"column":0},"end":{"line":59,"column":52}},"59":{"start":{"line":60,"column":0},"end":{"line":60,"column":23}},"60":{"start":{"line":61,"column":0},"end":{"line":61,"column":39}},"61":{"start":{"line":62,"column":0},"end":{"line":62,"column":74}},"62":{"start":{"line":63,"column":0},"end":{"line":63,"column":24}},"63":{"start":{"line":64,"column":0},"end":{"line":64,"column":23}},"64":{"start":{"line":65,"column":0},"end":{"line":65,"column":39}},"65":{"start":{"line":66,"column":0},"end":{"line":66,"column":76}},"66":{"start":{"line":67,"column":0},"end":{"line":67,"column":24}},"67":{"start":{"line":68,"column":0},"end":{"line":68,"column":22}},"69":{"start":{"line":70,"column":0},"end":{"line":70,"column":41}},"70":{"start":{"line":71,"column":0},"end":{"line":71,"column":55}},"71":{"start":{"line":72,"column":0},"end":{"line":72,"column":46}},"72":{"start":{"line":73,"column":0},"end":{"line":73,"column":83}},"73":{"start":{"line":74,"column":0},"end":{"line":74,"column":24}},"75":{"start":{"line":76,"column":0},"end":{"line":76,"column":17}},"78":{"start":{"line":79,"column":0},"end":{"line":79,"column":14}},"79":{"start":{"line":80,"column":0},"end":{"line":80,"column":12}},"80":{"start":{"line":81,"column":0},"end":{"line":81,"column":10}},"82":{"start":{"line":83,"column":0},"end":{"line":83,"column":1}}},"s":{"0":1,"1":1,"3":1,"4":1,"5":1,"6":1,"7":1,"9":1,"11":1,"12":4,"13":4,"14":4,"15":4,"17":4,"18":1,"19":1,"20":1,"22":4,"23":1,"24":1,"26":3,"27":3,"28":3,"29":4,"30":4,"31":4,"32":4,"33":4,"35":4,"36":4,"37":4,"39":4,"40":1,"42":2,"43":2,"44":2,"45":2,"46":2,"47":2,"48":2,"49":2,"50":2,"51":2,"52":2,"53":2,"54":2,"55":2,"56":2,"58":2,"59":2,"60":2,"61":2,"62":2,"63":2,"64":2,"65":2,"66":2,"67":2,"69":2,"70":2,"71":2,"72":2,"73":2,"75":2,"78":4,"79":4,"80":4,"82":4},"branchMap":{"0":{"type":"branch","line":12,"loc":{"start":{"line":12,"column":7},"end":{"line":83,"column":1}},"locations":[{"start":{"line":12,"column":7},"end":{"line":83,"column":1}}]},"1":{"type":"branch","line":23,"loc":{"start":{"line":23,"column":6},"end":{"line":23,"column":38}},"locations":[{"start":{"line":23,"column":6},"end":{"line":23,"column":38}}]},"2":{"type":"branch","line":23,"loc":{"start":{"line":23,"column":17},"end":{"line":23,"column":38}},"locations":[{"start":{"line":23,"column":17},"end":{"line":23,"column":38}}]},"3":{"type":"branch","line":23,"loc":{"start":{"line":23,"column":38},"end":{"line":25,"column":3}},"locations":[{"start":{"line":23,"column":38},"end":{"line":25,"column":3}}]},"4":{"type":"branch","line":25,"loc":{"start":{"line":25,"column":2},"end":{"line":30,"column":19}},"locations":[{"start":{"line":25,"column":2},"end":{"line":30,"column":19}}]},"5":{"type":"branch","line":30,"loc":{"start":{"line":30,"column":13},"end":{"line":30,"column":27}},"locations":[{"start":{"line":30,"column":13},"end":{"line":30,"column":27}}]},"6":{"type":"branch","line":30,"loc":{"start":{"line":30,"column":19},"end":{"line":30,"column":40}},"locations":[{"start":{"line":30,"column":19},"end":{"line":30,"column":40}}]},"7":{"type":"branch","line":38,"loc":{"start":{"line":38,"column":11},"end":{"line":38,"column":65}},"locations":[{"start":{"line":38,"column":11},"end":{"line":38,"column":65}}]},"8":{"type":"branch","line":40,"loc":{"start":{"line":40,"column":11},"end":{"line":41,"column":25}},"locations":[{"start":{"line":40,"column":11},"end":{"line":41,"column":25}}]},"9":{"type":"branch","line":41,"loc":{"start":{"line":41,"column":23},"end":{"line":76,"column":17}},"locations":[{"start":{"line":41,"column":23},"end":{"line":76,"column":17}}]},"10":{"type":"branch","line":52,"loc":{"start":{"line":52,"column":84},"end":{"line":52,"column":108}},"locations":[{"start":{"line":52,"column":84},"end":{"line":52,"column":108}}]},"11":{"type":"branch","line":18,"loc":{"start":{"line":18,"column":22},"end":{"line":21,"column":4}},"locations":[{"start":{"line":18,"column":22},"end":{"line":21,"column":4}}]},"12":{"type":"branch","line":20,"loc":{"start":{"line":20,"column":80},"end":{"line":20,"column":99}},"locations":[{"start":{"line":20,"column":80},"end":{"line":20,"column":99}}]}},"b":{"0":[4],"1":[3],"2":[2],"3":[1],"4":[3],"5":[2],"6":[1],"7":[0],"8":[1],"9":[2],"10":[0],"11":[1],"12":[0]},"fnMap":{"0":{"name":"CoinDetailsPage","decl":{"start":{"line":12,"column":7},"end":{"line":83,"column":1}},"loc":{"start":{"line":12,"column":7},"end":{"line":83,"column":1}},"line":12},"1":{"name":"handleClose","decl":{"start":{"line":18,"column":22},"end":{"line":21,"column":4}},"loc":{"start":{"line":18,"column":22},"end":{"line":21,"column":4}},"line":18}},"f":{"0":4,"1":1}}
,"C:\\Users\\Siarhei\\Desktop\\rs-school\\src\\pages\\Home\\index.tsx": {"path":"C:\\Users\\Siarhei\\Desktop\\rs-school\\src\\pages\\Home\\index.tsx","all":false,"statementMap":{"0":{"start":{"line":1,"column":0},"end":{"line":1,"column":55}},"2":{"start":{"line":3,"column":0},"end":{"line":3,"column":90}},"3":{"start":{"line":4,"column":0},"end":{"line":4,"column":68}},"4":{"start":{"line":5,"column":0},"end":{"line":5,"column":72}},"6":{"start":{"line":7,"column":0},"end":{"line":7,"column":41}},"8":{"start":{"line":9,"column":0},"end":{"line":9,"column":28}},"9":{"start":{"line":10,"column":0},"end":{"line":10,"column":33}},"10":{"start":{"line":11,"column":0},"end":{"line":11,"column":62}},"12":{"start":{"line":13,"column":0},"end":{"line":13,"column":9}},"13":{"start":{"line":14,"column":0},"end":{"line":14,"column":16}},"14":{"start":{"line":15,"column":0},"end":{"line":15,"column":18}},"15":{"start":{"line":16,"column":0},"end":{"line":16,"column":20}},"16":{"start":{"line":17,"column":0},"end":{"line":17,"column":16}},"17":{"start":{"line":18,"column":0},"end":{"line":18,"column":23}},"18":{"start":{"line":19,"column":0},"end":{"line":19,"column":22}},"19":{"start":{"line":20,"column":0},"end":{"line":20,"column":17}},"20":{"start":{"line":21,"column":0},"end":{"line":21,"column":21}},"21":{"start":{"line":22,"column":0},"end":{"line":22,"column":18}},"23":{"start":{"line":24,"column":0},"end":{"line":24,"column":64}},"24":{"start":{"line":25,"column":0},"end":{"line":25,"column":43}},"25":{"start":{"line":26,"column":0},"end":{"line":26,"column":23}},"26":{"start":{"line":27,"column":0},"end":{"line":27,"column":4}},"28":{"start":{"line":29,"column":0},"end":{"line":29,"column":113}},"30":{"start":{"line":31,"column":0},"end":{"line":31,"column":51}},"32":{"start":{"line":33,"column":0},"end":{"line":33,"column":10}},"33":{"start":{"line":34,"column":0},"end":{"line":34,"column":37}},"34":{"start":{"line":35,"column":0},"end":{"line":35,"column":17}},"35":{"start":{"line":36,"column":0},"end":{"line":36,"column":40}},"36":{"start":{"line":37,"column":0},"end":{"line":37,"column":95}},"37":{"start":{"line":38,"column":0},"end":{"line":38,"column":19}},"38":{"start":{"line":39,"column":0},"end":{"line":39,"column":40}},"39":{"start":{"line":40,"column":0},"end":{"line":40,"column":51}},"40":{"start":{"line":41,"column":0},"end":{"line":41,"column":69}},"41":{"start":{"line":42,"column":0},"end":{"line":42,"column":14}},"42":{"start":{"line":43,"column":0},"end":{"line":43,"column":73}},"43":{"start":{"line":44,"column":0},"end":{"line":44,"column":61}},"44":{"start":{"line":45,"column":0},"end":{"line":45,"column":58}},"45":{"start":{"line":46,"column":0},"end":{"line":46,"column":16}},"46":{"start":{"line":47,"column":0},"end":{"line":47,"column":32}},"47":{"start":{"line":48,"column":0},"end":{"line":48,"column":20}},"48":{"start":{"line":49,"column":0},"end":{"line":49,"column":55}},"49":{"start":{"line":50,"column":0},"end":{"line":50,"column":50}},"50":{"start":{"line":51,"column":0},"end":{"line":51,"column":33}},"51":{"start":{"line":52,"column":0},"end":{"line":52,"column":51}},"52":{"start":{"line":53,"column":0},"end":{"line":53,"column":55}},"53":{"start":{"line":54,"column":0},"end":{"line":54,"column":55}},"54":{"start":{"line":55,"column":0},"end":{"line":55,"column":81}},"55":{"start":{"line":56,"column":0},"end":{"line":56,"column":24}},"57":{"start":{"line":58,"column":0},"end":{"line":58,"column":21}},"59":{"start":{"line":60,"column":0},"end":{"line":60,"column":20}},"60":{"start":{"line":61,"column":0},"end":{"line":61,"column":47}},"61":{"start":{"line":62,"column":0},"end":{"line":62,"column":31}},"62":{"start":{"line":63,"column":0},"end":{"line":63,"column":49}},"63":{"start":{"line":64,"column":0},"end":{"line":64,"column":54}},"64":{"start":{"line":65,"column":0},"end":{"line":65,"column":47}},"65":{"start":{"line":66,"column":0},"end":{"line":66,"column":41}},"66":{"start":{"line":67,"column":0},"end":{"line":67,"column":22}},"67":{"start":{"line":68,"column":0},"end":{"line":68,"column":21}},"69":{"start":{"line":70,"column":0},"end":{"line":70,"column":17}},"71":{"start":{"line":72,"column":0},"end":{"line":72,"column":16}},"72":{"start":{"line":73,"column":0},"end":{"line":73,"column":27}},"73":{"start":{"line":74,"column":0},"end":{"line":74,"column":52}},"74":{"start":{"line":75,"column":0},"end":{"line":75,"column":24}},"75":{"start":{"line":76,"column":0},"end":{"line":76,"column":18}},"77":{"start":{"line":78,"column":0},"end":{"line":78,"column":14}},"78":{"start":{"line":79,"column":0},"end":{"line":79,"column":18}},"79":{"start":{"line":80,"column":0},"end":{"line":80,"column":10}},"81":{"start":{"line":82,"column":0},"end":{"line":82,"column":1}}},"s":{"0":1,"2":1,"3":1,"4":1,"6":1,"8":1,"9":0,"10":0,"12":0,"13":0,"14":0,"15":0,"16":0,"17":0,"18":0,"19":0,"20":0,"21":0,"23":0,"24":0,"25":0,"26":0,"28":0,"30":0,"32":0,"33":0,"34":0,"35":0,"36":0,"37":0,"38":0,"39":0,"40":0,"41":0,"42":0,"43":0,"44":0,"45":0,"46":0,"47":0,"48":0,"49":0,"50":0,"51":0,"52":0,"53":0,"54":0,"55":0,"57":0,"59":0,"60":0,"61":0,"62":0,"63":0,"64":0,"65":0,"66":0,"67":0,"69":0,"71":0,"72":0,"73":0,"74":0,"75":0,"77":0,"78":0,"79":0,"81":0},"branchMap":{},"b":{},"fnMap":{"0":{"name":"HomePage","decl":{"start":{"line":9,"column":7},"end":{"line":82,"column":1}},"loc":{"start":{"line":9,"column":7},"end":{"line":82,"column":1}},"line":9}},"f":{"0":0}}
}
